2015-07-22 16:19:42.608 [Timer-0] ERROR sl.bigdata.report.TimeTask - 日志表ods层关于表sl_ods_reg_user_count、sl_ods_channel_record、sl_ods_channel_apk其中有异常（失败）情况
2015-07-22 16:19:42.628 [Timer-0] ERROR sl.bigdata.report.TimeTask - 日志表ods层关于表sl_ods_channel_record、sl_ods_channel_apk其中有异常（失败）情况
2015-07-22 16:19:52.655 [Timer-0] ERROR sl.bigdata.report.TimeTask - 日志表ods层关于表sl_ods_order、sl_ods_detail、sl_ods_goods、sl_ods_goodstype其中有异常（失败）情况
2015-07-22 16:19:52.688 [Timer-0] ERROR sl.bigdata.report.TimeTask - 日志表ods层关于表sl_ods_detail、sl_ods_order、sl_ods_users其中有异常（失败）情况
2015-07-22 16:19:52.712 [Timer-0] ERROR sl.bigdata.report.TimeTask - 日志表ods层关于表sl_ods_detail、sl_ods_order其中有异常（失败）情况
2015-07-22 16:19:52.736 [Timer-0] ERROR sl.bigdata.report.TimeTask - 日志表ods层关于表sl_ods_shops、sl_ods_users、sl_ods_detail、sl_ods_goods、sl_ods_goodstype其中有异常（失败）情况
2015-07-22 16:19:52.755 [Timer-0] ERROR sl.bigdata.report.TimeTask - 日志表ods层关于表sl_ods_users、sl_ods_users其中有异常（失败）情况
2015-07-23 09:01:14.475 [Timer-0] ERROR sl.bigdata.report.TimeTask - 日志表ods层关于表sl_ods_reg_user_count、sl_ods_channel_record、sl_ods_channel_apk其中有异常（失败）情况
2015-07-23 09:01:14.495 [Timer-0] ERROR sl.bigdata.report.TimeTask - 日志表ods层关于表sl_ods_channel_record、sl_ods_channel_apk其中有异常（失败）情况
2015-07-23 09:01:14.510 [Timer-0] ERROR sl.bigdata.report.TimeTask - 日志表ods层关于表sl_ods_order、sl_ods_detail、sl_ods_goods、sl_ods_goodstype其中有异常（失败）情况
2015-07-23 09:01:14.529 [Timer-0] ERROR sl.bigdata.report.TimeTask - 日志表ods层关于表sl_ods_detail、sl_ods_order、sl_ods_users其中有异常（失败）情况
2015-07-23 09:01:14.544 [Timer-0] ERROR sl.bigdata.report.TimeTask - 日志表ods层关于表sl_ods_detail、sl_ods_order其中有异常（失败）情况
2015-07-23 09:01:14.559 [Timer-0] ERROR sl.bigdata.report.TimeTask - 日志表ods层关于表sl_ods_shops、sl_ods_users、sl_ods_detail、sl_ods_goods、sl_ods_goodstype其中有异常（失败）情况
2015-07-23 09:01:14.575 [Timer-0] ERROR sl.bigdata.report.TimeTask - 日志表ods层关于表sl_ods_users、sl_ods_users其中有异常（失败）情况
2015-07-28 11:13:25.292 [main] ERROR sl.bigdata.report.TimeTask - 日志表ods层关于表sl_ods_order、sl_ods_detail、sl_ods_goods、sl_ods_goodstype其中有异常（失败）情况
2015-07-28 11:17:06.541 [main] ERROR sl.bigdata.report.TimeTask - 日志表ods层关于表sl_ods_order、sl_ods_detail、sl_ods_goods、sl_ods_goodstype其中有异常（失败）情况
2015-07-31 15:11:38.186 [main] ERROR sl.bigdata.report.TimeTask - 日志表ods层其中有异常（失败）情况
2015-07-31 16:18:32.497 [main] ERROR sl.bigdata.report.TimeTask - 日志表ods层其中有异常（失败）情况
2015-07-31 16:20:24.132 [main] ERROR sl.bigdata.report.TimeTask - 日志表ods层其中有异常（失败）情况
2015-07-31 17:53:03.082 [Timer-0] ERROR sl.bigdata.report.TimeTask - 日志表ods层其中有异常（失败）情况
2015-07-31 18:03:03.078 [Timer-0] ERROR sl.bigdata.report.TimeTask - 日志表ods层其中有异常（失败）情况
2015-07-31 18:13:03.071 [Timer-0] ERROR sl.bigdata.report.TimeTask - 日志表ods层其中有异常（失败）情况
2015-07-31 18:23:03.078 [Timer-0] ERROR sl.bigdata.report.TimeTask - 日志表ods层其中有异常（失败）情况
2015-07-31 18:33:03.085 [Timer-0] ERROR sl.bigdata.report.TimeTask - 日志表ods层其中有异常（失败）情况
2015-07-31 18:43:03.078 [Timer-0] ERROR sl.bigdata.report.TimeTask - 日志表ods层其中有异常（失败）情况
2015-07-31 18:53:03.081 [Timer-0] ERROR sl.bigdata.report.TimeTask - 日志表ods层其中有异常（失败）情况
2015-07-31 19:03:03.083 [Timer-0] ERROR sl.bigdata.report.TimeTask - 日志表ods层其中有异常（失败）情况
2015-07-31 19:13:03.078 [Timer-0] ERROR sl.bigdata.report.TimeTask - 日志表ods层其中有异常（失败）情况
2015-07-31 19:23:03.081 [Timer-0] ERROR sl.bigdata.report.TimeTask - 日志表ods层其中有异常（失败）情况
2015-07-31 19:33:03.079 [Timer-0] ERROR sl.bigdata.report.TimeTask - 日志表ods层其中有异常（失败）情况
2015-07-31 19:43:03.082 [Timer-0] ERROR sl.bigdata.report.TimeTask - 日志表ods层其中有异常（失败）情况
2015-07-31 19:53:03.075 [Timer-0] ERROR sl.bigdata.report.TimeTask - 日志表ods层其中有异常（失败）情况
2015-07-31 20:03:03.084 [Timer-0] ERROR sl.bigdata.report.TimeTask - 日志表ods层其中有异常（失败）情况
2015-07-31 20:13:03.081 [Timer-0] ERROR sl.bigdata.report.TimeTask - 日志表ods层其中有异常（失败）情况
2015-07-31 20:23:03.085 [Timer-0] ERROR sl.bigdata.report.TimeTask - 日志表ods层其中有异常（失败）情况
2015-07-31 20:33:03.075 [Timer-0] ERROR sl.bigdata.report.TimeTask - 日志表ods层其中有异常（失败）情况
2015-07-31 20:43:03.087 [Timer-0] ERROR sl.bigdata.report.TimeTask - 日志表ods层其中有异常（失败）情况
2015-07-31 20:53:03.083 [Timer-0] ERROR sl.bigdata.report.TimeTask - 日志表ods层其中有异常（失败）情况
2015-07-31 21:03:03.083 [Timer-0] ERROR sl.bigdata.report.TimeTask - 日志表ods层其中有异常（失败）情况
2015-07-31 21:13:03.079 [Timer-0] ERROR sl.bigdata.report.TimeTask - 日志表ods层其中有异常（失败）情况
2015-07-31 21:23:03.084 [Timer-0] ERROR sl.bigdata.report.TimeTask - 日志表ods层其中有异常（失败）情况
2015-07-31 21:33:03.085 [Timer-0] ERROR sl.bigdata.report.TimeTask - 日志表ods层其中有异常（失败）情况
2015-07-31 21:43:03.094 [Timer-0] ERROR sl.bigdata.report.TimeTask - 日志表ods层其中有异常（失败）情况
2015-07-31 21:53:03.086 [Timer-0] ERROR sl.bigdata.report.TimeTask - 日志表ods层其中有异常（失败）情况
2015-07-31 22:03:03.097 [Timer-0] ERROR sl.bigdata.report.TimeTask - 日志表ods层其中有异常（失败）情况
2015-07-31 22:13:03.086 [Timer-0] ERROR sl.bigdata.report.TimeTask - 日志表ods层其中有异常（失败）情况
2015-07-31 22:23:03.087 [Timer-0] ERROR sl.bigdata.report.TimeTask - 日志表ods层其中有异常（失败）情况
2015-07-31 22:33:03.088 [Timer-0] ERROR sl.bigdata.report.TimeTask - 日志表ods层其中有异常（失败）情况
2015-07-31 22:43:03.088 [Timer-0] ERROR sl.bigdata.report.TimeTask - 日志表ods层其中有异常（失败）情况
2015-07-31 22:53:03.087 [Timer-0] ERROR sl.bigdata.report.TimeTask - 日志表ods层其中有异常（失败）情况
2015-07-31 23:03:03.091 [Timer-0] ERROR sl.bigdata.report.TimeTask - 日志表ods层其中有异常（失败）情况
2015-07-31 23:13:03.095 [Timer-0] ERROR sl.bigdata.report.TimeTask - 日志表ods层其中有异常（失败）情况
2015-07-31 23:23:03.093 [Timer-0] ERROR sl.bigdata.report.TimeTask - 日志表ods层其中有异常（失败）情况
2015-07-31 23:33:03.112 [Timer-0] ERROR sl.bigdata.report.TimeTask - 日志表ods层其中有异常（失败）情况
2015-07-31 23:43:03.091 [Timer-0] ERROR sl.bigdata.report.TimeTask - 日志表ods层其中有异常（失败）情况
2015-07-31 23:53:03.092 [Timer-0] ERROR sl.bigdata.report.TimeTask - 日志表ods层其中有异常（失败）情况
2015-08-01 00:03:03.092 [Timer-0] ERROR sl.bigdata.report.TimeTask - 日志表ods层其中有异常（失败）情况
2015-08-01 00:13:03.090 [Timer-0] ERROR sl.bigdata.report.TimeTask - 日志表ods层其中有异常（失败）情况
2015-08-01 00:23:03.093 [Timer-0] ERROR sl.bigdata.report.TimeTask - 日志表ods层其中有异常（失败）情况
2015-08-01 00:33:03.094 [Timer-0] ERROR sl.bigdata.report.TimeTask - 日志表ods层其中有异常（失败）情况
2015-08-01 00:43:03.097 [Timer-0] ERROR sl.bigdata.report.TimeTask - 日志表ods层其中有异常（失败）情况
2015-08-01 00:53:03.097 [Timer-0] ERROR sl.bigdata.report.TimeTask - 日志表ods层其中有异常（失败）情况
2015-08-01 01:03:03.098 [Timer-0] ERROR sl.bigdata.report.TimeTask - 日志表ods层其中有异常（失败）情况
2015-08-01 01:13:03.100 [Timer-0] ERROR sl.bigdata.report.TimeTask - 日志表ods层其中有异常（失败）情况
2015-08-01 01:23:03.097 [Timer-0] ERROR sl.bigdata.report.TimeTask - 日志表ods层其中有异常（失败）情况
2015-08-01 01:33:03.097 [Timer-0] ERROR sl.bigdata.report.TimeTask - 日志表ods层其中有异常（失败）情况
2015-08-01 01:43:03.098 [Timer-0] ERROR sl.bigdata.report.TimeTask - 日志表ods层其中有异常（失败）情况
2015-08-01 01:53:03.099 [Timer-0] ERROR sl.bigdata.report.TimeTask - 日志表ods层其中有异常（失败）情况
2015-08-01 02:03:03.099 [Timer-0] ERROR sl.bigdata.report.TimeTask - 日志表ods层其中有异常（失败）情况
2015-08-01 02:13:03.098 [Timer-0] ERROR sl.bigdata.report.TimeTask - 日志表ods层其中有异常（失败）情况
2015-08-01 02:23:03.100 [Timer-0] ERROR sl.bigdata.report.TimeTask - 日志表ods层其中有异常（失败）情况
2015-08-01 02:33:03.100 [Timer-0] ERROR sl.bigdata.report.TimeTask - 日志表ods层其中有异常（失败）情况
2015-08-01 02:43:03.102 [Timer-0] ERROR sl.bigdata.report.TimeTask - 日志表ods层其中有异常（失败）情况
2015-08-01 02:53:03.101 [Timer-0] ERROR sl.bigdata.report.TimeTask - 日志表ods层其中有异常（失败）情况
2015-08-01 03:03:03.099 [Timer-0] ERROR sl.bigdata.report.TimeTask - 日志表ods层其中有异常（失败）情况
2015-08-01 03:13:03.101 [Timer-0] ERROR sl.bigdata.report.TimeTask - 日志表ods层其中有异常（失败）情况
2015-08-01 03:23:03.103 [Timer-0] ERROR sl.bigdata.report.TimeTask - 日志表ods层其中有异常（失败）情况
2015-08-01 03:33:03.104 [Timer-0] ERROR sl.bigdata.report.TimeTask - 日志表ods层其中有异常（失败）情况
2015-08-01 03:43:03.103 [Timer-0] ERROR sl.bigdata.report.TimeTask - 日志表ods层其中有异常（失败）情况
2015-08-01 03:53:03.104 [Timer-0] ERROR sl.bigdata.report.TimeTask - 日志表ods层其中有异常（失败）情况
2015-08-01 04:03:03.104 [Timer-0] ERROR sl.bigdata.report.TimeTask - 日志表ods层其中有异常（失败）情况
2015-08-01 04:13:03.106 [Timer-0] ERROR sl.bigdata.report.TimeTask - 日志表ods层其中有异常（失败）情况
2015-08-01 04:23:03.106 [Timer-0] ERROR sl.bigdata.report.TimeTask - 日志表ods层其中有异常（失败）情况
2015-08-01 04:33:03.107 [Timer-0] ERROR sl.bigdata.report.TimeTask - 日志表ods层其中有异常（失败）情况
2015-08-01 04:43:03.107 [Timer-0] ERROR sl.bigdata.report.TimeTask - 日志表ods层其中有异常（失败）情况
2015-08-01 04:53:03.109 [Timer-0] ERROR sl.bigdata.report.TimeTask - 日志表ods层其中有异常（失败）情况
2015-08-01 05:03:03.108 [Timer-0] ERROR sl.bigdata.report.TimeTask - 日志表ods层其中有异常（失败）情况
2015-08-01 05:13:03.107 [Timer-0] ERROR sl.bigdata.report.TimeTask - 日志表ods层其中有异常（失败）情况
2015-08-01 05:23:03.108 [Timer-0] ERROR sl.bigdata.report.TimeTask - 日志表ods层其中有异常（失败）情况
2015-08-01 05:33:03.108 [Timer-0] ERROR sl.bigdata.report.TimeTask - 日志表ods层其中有异常（失败）情况
2015-08-01 05:43:03.108 [Timer-0] ERROR sl.bigdata.report.TimeTask - 日志表ods层其中有异常（失败）情况
2015-08-01 05:53:03.106 [Timer-0] ERROR sl.bigdata.report.TimeTask - 日志表ods层其中有异常（失败）情况
2015-08-01 06:03:03.111 [Timer-0] ERROR sl.bigdata.report.TimeTask - 日志表ods层其中有异常（失败）情况
2015-08-01 06:13:03.109 [Timer-0] ERROR sl.bigdata.report.TimeTask - 日志表ods层其中有异常（失败）情况
2015-08-01 06:23:03.110 [Timer-0] ERROR sl.bigdata.report.TimeTask - 日志表ods层其中有异常（失败）情况
2015-08-01 06:33:03.113 [Timer-0] ERROR sl.bigdata.report.TimeTask - 日志表ods层其中有异常（失败）情况
2015-08-01 06:43:03.111 [Timer-0] ERROR sl.bigdata.report.TimeTask - 日志表ods层其中有异常（失败）情况
2015-08-01 06:53:03.113 [Timer-0] ERROR sl.bigdata.report.TimeTask - 日志表ods层其中有异常（失败）情况
2015-08-01 07:03:03.112 [Timer-0] ERROR sl.bigdata.report.TimeTask - 日志表ods层其中有异常（失败）情况
2015-08-01 07:13:03.110 [Timer-0] ERROR sl.bigdata.report.TimeTask - 日志表ods层其中有异常（失败）情况
2015-08-01 07:23:03.114 [Timer-0] ERROR sl.bigdata.report.TimeTask - 日志表ods层其中有异常（失败）情况
2015-08-01 07:33:03.115 [Timer-0] ERROR sl.bigdata.report.TimeTask - 日志表ods层其中有异常（失败）情况
2015-08-01 07:43:03.117 [Timer-0] ERROR sl.bigdata.report.TimeTask - 日志表ods层其中有异常（失败）情况
2015-08-01 07:53:03.115 [Timer-0] ERROR sl.bigdata.report.TimeTask - 日志表ods层其中有异常（失败）情况
2015-08-01 08:03:03.113 [Timer-0] ERROR sl.bigdata.report.TimeTask - 日志表ods层其中有异常（失败）情况
2015-08-01 08:13:03.121 [Timer-0] ERROR sl.bigdata.report.TimeTask - 日志表ods层其中有异常（失败）情况
2015-08-01 08:23:03.115 [Timer-0] ERROR sl.bigdata.report.TimeTask - 日志表ods层其中有异常（失败）情况
2015-08-01 08:33:03.117 [Timer-0] ERROR sl.bigdata.report.TimeTask - 日志表ods层其中有异常（失败）情况
2015-08-01 08:43:03.136 [Timer-0] ERROR sl.bigdata.report.TimeTask - 日志表ods层其中有异常（失败）情况
2015-08-01 08:53:03.117 [Timer-0] ERROR sl.bigdata.report.TimeTask - 日志表ods层其中有异常（失败）情况
2015-08-01 09:03:03.120 [Timer-0] ERROR sl.bigdata.report.TimeTask - 日志表ods层其中有异常（失败）情况
2015-08-01 09:13:03.116 [Timer-0] ERROR sl.bigdata.report.TimeTask - 日志表ods层其中有异常（失败）情况
2015-08-01 09:23:03.120 [Timer-0] ERROR sl.bigdata.report.TimeTask - 日志表ods层其中有异常（失败）情况
2015-08-01 09:33:03.118 [Timer-0] ERROR sl.bigdata.report.TimeTask - 日志表ods层其中有异常（失败）情况
2015-08-01 09:43:03.121 [Timer-0] ERROR sl.bigdata.report.TimeTask - 日志表ods层其中有异常（失败）情况
2015-08-01 09:53:03.120 [Timer-0] ERROR sl.bigdata.report.TimeTask - 日志表ods层其中有异常（失败）情况
2015-08-01 10:03:03.122 [Timer-0] ERROR sl.bigdata.report.TimeTask - 日志表ods层其中有异常（失败）情况
2015-08-01 10:13:03.122 [Timer-0] ERROR sl.bigdata.report.TimeTask - 日志表ods层其中有异常（失败）情况
2015-08-01 10:23:03.117 [Timer-0] ERROR sl.bigdata.report.TimeTask - 日志表ods层其中有异常（失败）情况
2015-08-01 10:33:03.125 [Timer-0] ERROR sl.bigdata.report.TimeTask - 日志表ods层其中有异常（失败）情况
2015-08-01 10:43:03.121 [Timer-0] ERROR sl.bigdata.report.TimeTask - 日志表ods层其中有异常（失败）情况
2015-08-01 10:53:03.125 [Timer-0] ERROR sl.bigdata.report.TimeTask - 日志表ods层其中有异常（失败）情况
2015-08-01 11:03:03.125 [Timer-0] ERROR sl.bigdata.report.TimeTask - 日志表ods层其中有异常（失败）情况
2015-08-01 11:13:03.126 [Timer-0] ERROR sl.bigdata.report.TimeTask - 日志表ods层其中有异常（失败）情况
2015-08-01 11:23:03.126 [Timer-0] ERROR sl.bigdata.report.TimeTask - 日志表ods层其中有异常（失败）情况
2015-08-01 11:33:03.123 [Timer-0] ERROR sl.bigdata.report.TimeTask - 日志表ods层其中有异常（失败）情况
2015-08-01 11:43:03.125 [Timer-0] ERROR sl.bigdata.report.TimeTask - 日志表ods层其中有异常（失败）情况
2015-08-01 11:53:03.128 [Timer-0] ERROR sl.bigdata.report.TimeTask - 日志表ods层其中有异常（失败）情况
2015-08-01 12:03:03.128 [Timer-0] ERROR sl.bigdata.report.TimeTask - 日志表ods层其中有异常（失败）情况
2015-08-01 12:13:03.127 [Timer-0] ERROR sl.bigdata.report.TimeTask - 日志表ods层其中有异常（失败）情况
2015-08-01 12:23:03.127 [Timer-0] ERROR sl.bigdata.report.TimeTask - 日志表ods层其中有异常（失败）情况
2015-08-01 12:33:03.129 [Timer-0] ERROR sl.bigdata.report.TimeTask - 日志表ods层其中有异常（失败）情况
2015-08-01 12:43:03.131 [Timer-0] ERROR sl.bigdata.report.TimeTask - 日志表ods层其中有异常（失败）情况
2015-08-01 12:53:03.124 [Timer-0] ERROR sl.bigdata.report.TimeTask - 日志表ods层其中有异常（失败）情况
2015-08-01 13:03:03.128 [Timer-0] ERROR sl.bigdata.report.TimeTask - 日志表ods层其中有异常（失败）情况
2015-08-01 13:13:03.132 [Timer-0] ERROR sl.bigdata.report.TimeTask - 日志表ods层其中有异常（失败）情况
2015-08-01 13:23:03.131 [Timer-0] ERROR sl.bigdata.report.TimeTask - 日志表ods层其中有异常（失败）情况
2015-08-01 13:33:03.130 [Timer-0] ERROR sl.bigdata.report.TimeTask - 日志表ods层其中有异常（失败）情况
2015-08-01 13:43:03.129 [Timer-0] ERROR sl.bigdata.report.TimeTask - 日志表ods层其中有异常（失败）情况
2015-08-01 13:53:03.128 [Timer-0] ERROR sl.bigdata.report.TimeTask - 日志表ods层其中有异常（失败）情况
2015-08-01 14:03:03.134 [Timer-0] ERROR sl.bigdata.report.TimeTask - 日志表ods层其中有异常（失败）情况
2015-08-01 14:13:03.131 [Timer-0] ERROR sl.bigdata.report.TimeTask - 日志表ods层其中有异常（失败）情况
2015-08-01 14:23:03.132 [Timer-0] ERROR sl.bigdata.report.TimeTask - 日志表ods层其中有异常（失败）情况
2015-08-01 14:33:03.133 [Timer-0] ERROR sl.bigdata.report.TimeTask - 日志表ods层其中有异常（失败）情况
2015-08-01 14:43:03.139 [Timer-0] ERROR sl.bigdata.report.TimeTask - 日志表ods层其中有异常（失败）情况
2015-08-01 14:53:03.139 [Timer-0] ERROR sl.bigdata.report.TimeTask - 日志表ods层其中有异常（失败）情况
2015-08-01 15:03:03.140 [Timer-0] ERROR sl.bigdata.report.TimeTask - 日志表ods层其中有异常（失败）情况
2015-08-01 15:13:03.138 [Timer-0] ERROR sl.bigdata.report.TimeTask - 日志表ods层其中有异常（失败）情况
2015-08-01 15:23:03.141 [Timer-0] ERROR sl.bigdata.report.TimeTask - 日志表ods层其中有异常（失败）情况
2015-08-01 15:33:03.136 [Timer-0] ERROR sl.bigdata.report.TimeTask - 日志表ods层其中有异常（失败）情况
2015-08-01 15:43:03.141 [Timer-0] ERROR sl.bigdata.report.TimeTask - 日志表ods层其中有异常（失败）情况
2015-08-01 15:53:03.140 [Timer-0] ERROR sl.bigdata.report.TimeTask - 日志表ods层其中有异常（失败）情况
2015-08-01 16:03:03.141 [Timer-0] ERROR sl.bigdata.report.TimeTask - 日志表ods层其中有异常（失败）情况
2015-08-01 16:13:03.147 [Timer-0] ERROR sl.bigdata.report.TimeTask - 日志表ods层其中有异常（失败）情况
2015-08-01 16:23:03.140 [Timer-0] ERROR sl.bigdata.report.TimeTask - 日志表ods层其中有异常（失败）情况
2015-08-01 16:33:03.143 [Timer-0] ERROR sl.bigdata.report.TimeTask - 日志表ods层其中有异常（失败）情况
2015-08-01 16:43:03.143 [Timer-0] ERROR sl.bigdata.report.TimeTask - 日志表ods层其中有异常（失败）情况
2015-08-01 16:53:03.141 [Timer-0] ERROR sl.bigdata.report.TimeTask - 日志表ods层其中有异常（失败）情况
2015-08-01 17:03:03.144 [Timer-0] ERROR sl.bigdata.report.TimeTask - 日志表ods层其中有异常（失败）情况
2015-08-01 17:13:03.475 [Timer-0] ERROR sl.bigdata.report.TimeTask - 日志表ods层其中有异常（失败）情况
2015-08-01 17:23:03.146 [Timer-0] ERROR sl.bigdata.report.TimeTask - 日志表ods层其中有异常（失败）情况
2015-08-01 17:33:03.159 [Timer-0] ERROR sl.bigdata.report.TimeTask - 日志表ods层其中有异常（失败）情况
2015-08-01 17:43:03.144 [Timer-0] ERROR sl.bigdata.report.TimeTask - 日志表ods层其中有异常（失败）情况
2015-08-01 17:53:03.146 [Timer-0] ERROR sl.bigdata.report.TimeTask - 日志表ods层其中有异常（失败）情况
2015-08-01 18:03:03.142 [Timer-0] ERROR sl.bigdata.report.TimeTask - 日志表ods层其中有异常（失败）情况
2015-08-01 18:13:03.147 [Timer-0] ERROR sl.bigdata.report.TimeTask - 日志表ods层其中有异常（失败）情况
2015-08-01 18:23:03.150 [Timer-0] ERROR sl.bigdata.report.TimeTask - 日志表ods层其中有异常（失败）情况
2015-08-01 18:33:03.149 [Timer-0] ERROR sl.bigdata.report.TimeTask - 日志表ods层其中有异常（失败）情况
2015-08-01 18:43:03.150 [Timer-0] ERROR sl.bigdata.report.TimeTask - 日志表ods层其中有异常（失败）情况
2015-08-01 18:53:03.156 [Timer-0] ERROR sl.bigdata.report.TimeTask - 日志表ods层其中有异常（失败）情况
2015-08-01 19:03:03.149 [Timer-0] ERROR sl.bigdata.report.TimeTask - 日志表ods层其中有异常（失败）情况
2015-08-01 19:13:03.154 [Timer-0] ERROR sl.bigdata.report.TimeTask - 日志表ods层其中有异常（失败）情况
2015-08-01 19:23:03.156 [Timer-0] ERROR sl.bigdata.report.TimeTask - 日志表ods层其中有异常（失败）情况
2015-08-01 19:33:03.152 [Timer-0] ERROR sl.bigdata.report.TimeTask - 日志表ods层其中有异常（失败）情况
2015-08-01 19:43:03.151 [Timer-0] ERROR sl.bigdata.report.TimeTask - 日志表ods层其中有异常（失败）情况
2015-08-01 19:53:03.153 [Timer-0] ERROR sl.bigdata.report.TimeTask - 日志表ods层其中有异常（失败）情况
2015-08-01 20:03:03.153 [Timer-0] ERROR sl.bigdata.report.TimeTask - 日志表ods层其中有异常（失败）情况
2015-08-01 20:13:03.155 [Timer-0] ERROR sl.bigdata.report.TimeTask - 日志表ods层其中有异常（失败）情况
2015-08-01 20:23:03.155 [Timer-0] ERROR sl.bigdata.report.TimeTask - 日志表ods层其中有异常（失败）情况
2015-08-01 20:33:03.152 [Timer-0] ERROR sl.bigdata.report.TimeTask - 日志表ods层其中有异常（失败）情况
2015-08-01 20:43:03.157 [Timer-0] ERROR sl.bigdata.report.TimeTask - 日志表ods层其中有异常（失败）情况
2015-08-01 20:53:03.157 [Timer-0] ERROR sl.bigdata.report.TimeTask - 日志表ods层其中有异常（失败）情况
2015-08-01 21:03:03.157 [Timer-0] ERROR sl.bigdata.report.TimeTask - 日志表ods层其中有异常（失败）情况
2015-08-01 21:13:03.157 [Timer-0] ERROR sl.bigdata.report.TimeTask - 日志表ods层其中有异常（失败）情况
2015-08-01 21:23:03.158 [Timer-0] ERROR sl.bigdata.report.TimeTask - 日志表ods层其中有异常（失败）情况
2015-08-01 21:33:03.157 [Timer-0] ERROR sl.bigdata.report.TimeTask - 日志表ods层其中有异常（失败）情况
2015-08-01 21:43:03.154 [Timer-0] ERROR sl.bigdata.report.TimeTask - 日志表ods层其中有异常（失败）情况
2015-08-01 21:53:03.159 [Timer-0] ERROR sl.bigdata.report.TimeTask - 日志表ods层其中有异常（失败）情况
2015-08-01 22:03:03.157 [Timer-0] ERROR sl.bigdata.report.TimeTask - 日志表ods层其中有异常（失败）情况
2015-08-01 22:13:03.160 [Timer-0] ERROR sl.bigdata.report.TimeTask - 日志表ods层其中有异常（失败）情况
2015-08-01 22:23:03.168 [Timer-0] ERROR sl.bigdata.report.TimeTask - 日志表ods层其中有异常（失败）情况
2015-08-01 22:33:03.160 [Timer-0] ERROR sl.bigdata.report.TimeTask - 日志表ods层其中有异常（失败）情况
2015-08-01 22:43:03.162 [Timer-0] ERROR sl.bigdata.report.TimeTask - 日志表ods层其中有异常（失败）情况
2015-08-01 22:53:03.163 [Timer-0] ERROR sl.bigdata.report.TimeTask - 日志表ods层其中有异常（失败）情况
2015-08-01 23:03:03.161 [Timer-0] ERROR sl.bigdata.report.TimeTask - 日志表ods层其中有异常（失败）情况
2015-08-01 23:13:03.159 [Timer-0] ERROR sl.bigdata.report.TimeTask - 日志表ods层其中有异常（失败）情况
2015-08-01 23:23:03.164 [Timer-0] ERROR sl.bigdata.report.TimeTask - 日志表ods层其中有异常（失败）情况
2015-08-01 23:33:03.165 [Timer-0] ERROR sl.bigdata.report.TimeTask - 日志表ods层其中有异常（失败）情况
2015-08-01 23:43:03.164 [Timer-0] ERROR sl.bigdata.report.TimeTask - 日志表ods层其中有异常（失败）情况
2015-08-01 23:53:03.161 [Timer-0] ERROR sl.bigdata.report.TimeTask - 日志表ods层其中有异常（失败）情况
2015-08-02 00:03:03.167 [Timer-0] ERROR sl.bigdata.report.TimeTask - 日志表ods层其中有异常（失败）情况
2015-08-02 00:13:03.163 [Timer-0] ERROR sl.bigdata.report.TimeTask - 日志表ods层其中有异常（失败）情况
2015-08-02 00:23:03.177 [Timer-0] ERROR sl.bigdata.report.TimeTask - 日志表ods层其中有异常（失败）情况
2015-08-02 00:33:03.172 [Timer-0] ERROR sl.bigdata.report.TimeTask - 日志表ods层其中有异常（失败）情况
2015-08-02 00:43:03.169 [Timer-0] ERROR sl.bigdata.report.TimeTask - 日志表ods层其中有异常（失败）情况
2015-08-02 00:53:03.166 [Timer-0] ERROR sl.bigdata.report.TimeTask - 日志表ods层其中有异常（失败）情况
2015-08-02 01:03:03.167 [Timer-0] ERROR sl.bigdata.report.TimeTask - 日志表ods层其中有异常（失败）情况
2015-08-02 01:13:03.169 [Timer-0] ERROR sl.bigdata.report.TimeTask - 日志表ods层其中有异常（失败）情况
2015-08-02 01:23:03.168 [Timer-0] ERROR sl.bigdata.report.TimeTask - 日志表ods层其中有异常（失败）情况
2015-08-02 01:33:03.169 [Timer-0] ERROR sl.bigdata.report.TimeTask - 日志表ods层其中有异常（失败）情况
2015-08-02 01:43:03.171 [Timer-0] ERROR sl.bigdata.report.TimeTask - 日志表ods层其中有异常（失败）情况
2015-08-02 01:53:03.171 [Timer-0] ERROR sl.bigdata.report.TimeTask - 日志表ods层其中有异常（失败）情况
2015-08-02 02:03:03.194 [Timer-0] ERROR sl.bigdata.report.TimeTask - 日志表ods层其中有异常（失败）情况
2015-08-02 02:13:03.171 [Timer-0] ERROR sl.bigdata.report.TimeTask - 日志表ods层其中有异常（失败）情况
2015-08-02 02:23:03.173 [Timer-0] ERROR sl.bigdata.report.TimeTask - 日志表ods层其中有异常（失败）情况
2015-08-02 02:33:03.173 [Timer-0] ERROR sl.bigdata.report.TimeTask - 日志表ods层其中有异常（失败）情况
2015-08-02 02:43:03.173 [Timer-0] ERROR sl.bigdata.report.TimeTask - 日志表ods层其中有异常（失败）情况
2015-08-02 02:53:03.173 [Timer-0] ERROR sl.bigdata.report.TimeTask - 日志表ods层其中有异常（失败）情况
2015-08-02 03:03:03.175 [Timer-0] ERROR sl.bigdata.report.TimeTask - 日志表ods层其中有异常（失败）情况
2015-08-02 03:13:03.175 [Timer-0] ERROR sl.bigdata.report.TimeTask - 日志表ods层其中有异常（失败）情况
2015-08-02 03:23:03.176 [Timer-0] ERROR sl.bigdata.report.TimeTask - 日志表ods层其中有异常（失败）情况
2015-08-02 03:33:03.177 [Timer-0] ERROR sl.bigdata.report.TimeTask - 日志表ods层其中有异常（失败）情况
2015-08-02 03:43:03.176 [Timer-0] ERROR sl.bigdata.report.TimeTask - 日志表ods层其中有异常（失败）情况
2015-08-02 03:53:03.176 [Timer-0] ERROR sl.bigdata.report.TimeTask - 日志表ods层其中有异常（失败）情况
2015-08-02 04:03:03.176 [Timer-0] ERROR sl.bigdata.report.TimeTask - 日志表ods层其中有异常（失败）情况
2015-08-02 04:13:03.177 [Timer-0] ERROR sl.bigdata.report.TimeTask - 日志表ods层其中有异常（失败）情况
2015-08-02 04:23:03.177 [Timer-0] ERROR sl.bigdata.report.TimeTask - 日志表ods层其中有异常（失败）情况
2015-08-02 04:33:03.179 [Timer-0] ERROR sl.bigdata.report.TimeTask - 日志表ods层其中有异常（失败）情况
2015-08-02 04:43:03.179 [Timer-0] ERROR sl.bigdata.report.TimeTask - 日志表ods层其中有异常（失败）情况
2015-08-02 04:53:03.180 [Timer-0] ERROR sl.bigdata.report.TimeTask - 日志表ods层其中有异常（失败）情况
2015-08-02 05:03:03.180 [Timer-0] ERROR sl.bigdata.report.TimeTask - 日志表ods层其中有异常（失败）情况
2015-08-02 05:13:03.180 [Timer-0] ERROR sl.bigdata.report.TimeTask - 日志表ods层其中有异常（失败）情况
2015-08-02 05:23:03.181 [Timer-0] ERROR sl.bigdata.report.TimeTask - 日志表ods层其中有异常（失败）情况
2015-08-02 05:33:03.180 [Timer-0] ERROR sl.bigdata.report.TimeTask - 日志表ods层其中有异常（失败）情况
2015-08-02 05:43:03.179 [Timer-0] ERROR sl.bigdata.report.TimeTask - 日志表ods层其中有异常（失败）情况
2015-08-02 05:53:03.182 [Timer-0] ERROR sl.bigdata.report.TimeTask - 日志表ods层其中有异常（失败）情况
2015-08-02 06:03:03.182 [Timer-0] ERROR sl.bigdata.report.TimeTask - 日志表ods层其中有异常（失败）情况
2015-08-02 06:13:03.183 [Timer-0] ERROR sl.bigdata.report.TimeTask - 日志表ods层其中有异常（失败）情况
2015-08-02 06:23:03.182 [Timer-0] ERROR sl.bigdata.report.TimeTask - 日志表ods层其中有异常（失败）情况
2015-08-02 06:33:03.183 [Timer-0] ERROR sl.bigdata.report.TimeTask - 日志表ods层其中有异常（失败）情况
2015-08-02 06:43:03.180 [Timer-0] ERROR sl.bigdata.report.TimeTask - 日志表ods层其中有异常（失败）情况
2015-08-02 06:53:03.186 [Timer-0] ERROR sl.bigdata.report.TimeTask - 日志表ods层其中有异常（失败）情况
2015-08-02 07:03:03.186 [Timer-0] ERROR sl.bigdata.report.TimeTask - 日志表ods层其中有异常（失败）情况
2015-08-02 07:13:03.191 [Timer-0] ERROR sl.bigdata.report.TimeTask - 日志表ods层其中有异常（失败）情况
2015-08-02 07:23:03.188 [Timer-0] ERROR sl.bigdata.report.TimeTask - 日志表ods层其中有异常（失败）情况
2015-08-02 07:33:03.186 [Timer-0] ERROR sl.bigdata.report.TimeTask - 日志表ods层其中有异常（失败）情况
2015-08-02 07:43:03.187 [Timer-0] ERROR sl.bigdata.report.TimeTask - 日志表ods层其中有异常（失败）情况
2015-08-02 07:53:03.187 [Timer-0] ERROR sl.bigdata.report.TimeTask - 日志表ods层其中有异常（失败）情况
2015-08-02 08:03:03.187 [Timer-0] ERROR sl.bigdata.report.TimeTask - 日志表ods层其中有异常（失败）情况
2015-08-02 08:13:03.189 [Timer-0] ERROR sl.bigdata.report.TimeTask - 日志表ods层其中有异常（失败）情况
2015-08-02 08:23:03.192 [Timer-0] ERROR sl.bigdata.report.TimeTask - 日志表ods层其中有异常（失败）情况
2015-08-02 08:33:03.186 [Timer-0] ERROR sl.bigdata.report.TimeTask - 日志表ods层其中有异常（失败）情况
2015-08-02 08:43:03.190 [Timer-0] ERROR sl.bigdata.report.TimeTask - 日志表ods层其中有异常（失败）情况
2015-08-02 08:53:03.190 [Timer-0] ERROR sl.bigdata.report.TimeTask - 日志表ods层其中有异常（失败）情况
2015-08-02 09:03:03.190 [Timer-0] ERROR sl.bigdata.report.TimeTask - 日志表ods层其中有异常（失败）情况
2015-08-02 09:13:03.191 [Timer-0] ERROR sl.bigdata.report.TimeTask - 日志表ods层其中有异常（失败）情况
2015-08-02 09:23:03.188 [Timer-0] ERROR sl.bigdata.report.TimeTask - 日志表ods层其中有异常（失败）情况
2015-08-02 09:33:03.191 [Timer-0] ERROR sl.bigdata.report.TimeTask - 日志表ods层其中有异常（失败）情况
2015-08-02 09:43:03.192 [Timer-0] ERROR sl.bigdata.report.TimeTask - 日志表ods层其中有异常（失败）情况
2015-08-02 09:53:03.189 [Timer-0] ERROR sl.bigdata.report.TimeTask - 日志表ods层其中有异常（失败）情况
2015-08-02 10:03:03.192 [Timer-0] ERROR sl.bigdata.report.TimeTask - 日志表ods层其中有异常（失败）情况
2015-08-02 10:13:03.194 [Timer-0] ERROR sl.bigdata.report.TimeTask - 日志表ods层其中有异常（失败）情况
2015-08-02 10:23:03.211 [Timer-0] ERROR sl.bigdata.report.TimeTask - 日志表ods层其中有异常（失败）情况
2015-08-02 10:33:03.195 [Timer-0] ERROR sl.bigdata.report.TimeTask - 日志表ods层其中有异常（失败）情况
2015-08-02 10:43:03.193 [Timer-0] ERROR sl.bigdata.report.TimeTask - 日志表ods层其中有异常（失败）情况
2015-08-02 10:53:03.188 [Timer-0] ERROR sl.bigdata.report.TimeTask - 日志表ods层其中有异常（失败）情况
2015-08-02 11:03:03.190 [Timer-0] ERROR sl.bigdata.report.TimeTask - 日志表ods层其中有异常（失败）情况
2015-08-02 11:13:03.195 [Timer-0] ERROR sl.bigdata.report.TimeTask - 日志表ods层其中有异常（失败）情况
2015-08-02 11:23:03.192 [Timer-0] ERROR sl.bigdata.report.TimeTask - 日志表ods层其中有异常（失败）情况
2015-08-02 11:33:03.195 [Timer-0] ERROR sl.bigdata.report.TimeTask - 日志表ods层其中有异常（失败）情况
2015-08-02 11:43:03.197 [Timer-0] ERROR sl.bigdata.report.TimeTask - 日志表ods层其中有异常（失败）情况
2015-08-02 11:53:03.197 [Timer-0] ERROR sl.bigdata.report.TimeTask - 日志表ods层其中有异常（失败）情况
2015-08-02 12:03:03.197 [Timer-0] ERROR sl.bigdata.report.TimeTask - 日志表ods层其中有异常（失败）情况
2015-08-02 12:13:03.199 [Timer-0] ERROR sl.bigdata.report.TimeTask - 日志表ods层其中有异常（失败）情况
2015-08-02 12:23:03.199 [Timer-0] ERROR sl.bigdata.report.TimeTask - 日志表ods层其中有异常（失败）情况
2015-08-02 12:33:03.198 [Timer-0] ERROR sl.bigdata.report.TimeTask - 日志表ods层其中有异常（失败）情况
2015-08-02 12:43:03.198 [Timer-0] ERROR sl.bigdata.report.TimeTask - 日志表ods层其中有异常（失败）情况
2015-08-02 12:53:03.198 [Timer-0] ERROR sl.bigdata.report.TimeTask - 日志表ods层其中有异常（失败）情况
2015-08-02 13:03:03.203 [Timer-0] ERROR sl.bigdata.report.TimeTask - 日志表ods层其中有异常（失败）情况
2015-08-02 13:13:03.199 [Timer-0] ERROR sl.bigdata.report.TimeTask - 日志表ods层其中有异常（失败）情况
2015-08-02 13:23:03.202 [Timer-0] ERROR sl.bigdata.report.TimeTask - 日志表ods层其中有异常（失败）情况
2015-08-02 13:33:03.202 [Timer-0] ERROR sl.bigdata.report.TimeTask - 日志表ods层其中有异常（失败）情况
2015-08-02 13:43:03.204 [Timer-0] ERROR sl.bigdata.report.TimeTask - 日志表ods层其中有异常（失败）情况
2015-08-02 13:53:03.203 [Timer-0] ERROR sl.bigdata.report.TimeTask - 日志表ods层其中有异常（失败）情况
2015-08-02 14:03:03.207 [Timer-0] ERROR sl.bigdata.report.TimeTask - 日志表ods层其中有异常（失败）情况
2015-08-02 14:13:03.205 [Timer-0] ERROR sl.bigdata.report.TimeTask - 日志表ods层其中有异常（失败）情况
2015-08-02 14:23:03.207 [Timer-0] ERROR sl.bigdata.report.TimeTask - 日志表ods层其中有异常（失败）情况
2015-08-02 14:33:03.207 [Timer-0] ERROR sl.bigdata.report.TimeTask - 日志表ods层其中有异常（失败）情况
2015-08-02 14:43:03.208 [Timer-0] ERROR sl.bigdata.report.TimeTask - 日志表ods层其中有异常（失败）情况
2015-08-02 14:53:03.208 [Timer-0] ERROR sl.bigdata.report.TimeTask - 日志表ods层其中有异常（失败）情况
2015-08-02 15:03:03.208 [Timer-0] ERROR sl.bigdata.report.TimeTask - 日志表ods层其中有异常（失败）情况
2015-08-02 15:13:03.209 [Timer-0] ERROR sl.bigdata.report.TimeTask - 日志表ods层其中有异常（失败）情况
2015-08-02 15:23:03.252 [Timer-0] ERROR sl.bigdata.report.TimeTask - 日志表ods层其中有异常（失败）情况
2015-08-02 15:33:03.213 [Timer-0] ERROR sl.bigdata.report.TimeTask - 日志表ods层其中有异常（失败）情况
2015-08-02 15:43:03.213 [Timer-0] ERROR sl.bigdata.report.TimeTask - 日志表ods层其中有异常（失败）情况
2015-08-02 15:53:03.212 [Timer-0] ERROR sl.bigdata.report.TimeTask - 日志表ods层其中有异常（失败）情况
2015-08-02 16:03:03.214 [Timer-0] ERROR sl.bigdata.report.TimeTask - 日志表ods层其中有异常（失败）情况
2015-08-02 16:13:03.212 [Timer-0] ERROR sl.bigdata.report.TimeTask - 日志表ods层其中有异常（失败）情况
2015-08-02 16:23:03.214 [Timer-0] ERROR sl.bigdata.report.TimeTask - 日志表ods层其中有异常（失败）情况
2015-08-02 16:33:03.215 [Timer-0] ERROR sl.bigdata.report.TimeTask - 日志表ods层其中有异常（失败）情况
2015-08-02 16:43:03.214 [Timer-0] ERROR sl.bigdata.report.TimeTask - 日志表ods层其中有异常（失败）情况
2015-08-02 16:53:03.215 [Timer-0] ERROR sl.bigdata.report.TimeTask - 日志表ods层其中有异常（失败）情况
2015-08-02 17:03:03.217 [Timer-0] ERROR sl.bigdata.report.TimeTask - 日志表ods层其中有异常（失败）情况
2015-08-02 17:13:03.218 [Timer-0] ERROR sl.bigdata.report.TimeTask - 日志表ods层其中有异常（失败）情况
2015-08-02 17:23:03.217 [Timer-0] ERROR sl.bigdata.report.TimeTask - 日志表ods层其中有异常（失败）情况
2015-08-02 17:33:03.216 [Timer-0] ERROR sl.bigdata.report.TimeTask - 日志表ods层其中有异常（失败）情况
2015-08-02 17:43:03.215 [Timer-0] ERROR sl.bigdata.report.TimeTask - 日志表ods层其中有异常（失败）情况
2015-08-02 17:53:03.220 [Timer-0] ERROR sl.bigdata.report.TimeTask - 日志表ods层其中有异常（失败）情况
2015-08-02 18:03:03.221 [Timer-0] ERROR sl.bigdata.report.TimeTask - 日志表ods层其中有异常（失败）情况
2015-08-02 18:13:03.223 [Timer-0] ERROR sl.bigdata.report.TimeTask - 日志表ods层其中有异常（失败）情况
2015-08-02 18:23:03.221 [Timer-0] ERROR sl.bigdata.report.TimeTask - 日志表ods层其中有异常（失败）情况
2015-08-02 18:33:03.222 [Timer-0] ERROR sl.bigdata.report.TimeTask - 日志表ods层其中有异常（失败）情况
2015-08-02 18:43:03.226 [Timer-0] ERROR sl.bigdata.report.TimeTask - 日志表ods层其中有异常（失败）情况
2015-08-02 18:53:03.225 [Timer-0] ERROR sl.bigdata.report.TimeTask - 日志表ods层其中有异常（失败）情况
2015-08-02 19:03:03.225 [Timer-0] ERROR sl.bigdata.report.TimeTask - 日志表ods层其中有异常（失败）情况
2015-08-02 19:13:03.224 [Timer-0] ERROR sl.bigdata.report.TimeTask - 日志表ods层其中有异常（失败）情况
2015-08-02 19:23:03.221 [Timer-0] ERROR sl.bigdata.report.TimeTask - 日志表ods层其中有异常（失败）情况
2015-08-02 19:33:03.225 [Timer-0] ERROR sl.bigdata.report.TimeTask - 日志表ods层其中有异常（失败）情况
2015-08-02 19:43:03.226 [Timer-0] ERROR sl.bigdata.report.TimeTask - 日志表ods层其中有异常（失败）情况
2015-08-02 19:53:03.227 [Timer-0] ERROR sl.bigdata.report.TimeTask - 日志表ods层其中有异常（失败）情况
2015-08-02 20:03:03.227 [Timer-0] ERROR sl.bigdata.report.TimeTask - 日志表ods层其中有异常（失败）情况
2015-08-02 20:13:03.228 [Timer-0] ERROR sl.bigdata.report.TimeTask - 日志表ods层其中有异常（失败）情况
2015-08-02 20:23:03.229 [Timer-0] ERROR sl.bigdata.report.TimeTask - 日志表ods层其中有异常（失败）情况
2015-08-02 20:33:03.228 [Timer-0] ERROR sl.bigdata.report.TimeTask - 日志表ods层其中有异常（失败）情况
2015-08-02 20:43:03.231 [Timer-0] ERROR sl.bigdata.report.TimeTask - 日志表ods层其中有异常（失败）情况
2015-08-02 20:53:03.229 [Timer-0] ERROR sl.bigdata.report.TimeTask - 日志表ods层其中有异常（失败）情况
2015-08-02 21:03:03.232 [Timer-0] ERROR sl.bigdata.report.TimeTask - 日志表ods层其中有异常（失败）情况
2015-08-02 21:13:03.232 [Timer-0] ERROR sl.bigdata.report.TimeTask - 日志表ods层其中有异常（失败）情况
2015-08-02 21:23:03.232 [Timer-0] ERROR sl.bigdata.report.TimeTask - 日志表ods层其中有异常（失败）情况
2015-08-02 21:33:03.233 [Timer-0] ERROR sl.bigdata.report.TimeTask - 日志表ods层其中有异常（失败）情况
2015-08-02 21:43:03.233 [Timer-0] ERROR sl.bigdata.report.TimeTask - 日志表ods层其中有异常（失败）情况
2015-08-02 21:53:03.234 [Timer-0] ERROR sl.bigdata.report.TimeTask - 日志表ods层其中有异常（失败）情况
2015-08-02 22:03:03.236 [Timer-0] ERROR sl.bigdata.report.TimeTask - 日志表ods层其中有异常（失败）情况
2015-08-02 22:13:03.236 [Timer-0] ERROR sl.bigdata.report.TimeTask - 日志表ods层其中有异常（失败）情况
2015-08-02 22:23:03.235 [Timer-0] ERROR sl.bigdata.report.TimeTask - 日志表ods层其中有异常（失败）情况
2015-08-02 22:33:03.240 [Timer-0] ERROR sl.bigdata.report.TimeTask - 日志表ods层其中有异常（失败）情况
2015-08-02 22:43:03.580 [Timer-0] ERROR sl.bigdata.report.TimeTask - 日志表ods层其中有异常（失败）情况
2015-08-02 22:53:03.237 [Timer-0] ERROR sl.bigdata.report.TimeTask - 日志表ods层其中有异常（失败）情况
2015-08-02 23:03:03.238 [Timer-0] ERROR sl.bigdata.report.TimeTask - 日志表ods层其中有异常（失败）情况
2015-08-02 23:13:03.237 [Timer-0] ERROR sl.bigdata.report.TimeTask - 日志表ods层其中有异常（失败）情况
2015-08-02 23:23:03.238 [Timer-0] ERROR sl.bigdata.report.TimeTask - 日志表ods层其中有异常（失败）情况
2015-08-02 23:33:03.238 [Timer-0] ERROR sl.bigdata.report.TimeTask - 日志表ods层其中有异常（失败）情况
2015-08-02 23:43:03.241 [Timer-0] ERROR sl.bigdata.report.TimeTask - 日志表ods层其中有异常（失败）情况
2015-08-02 23:53:03.240 [Timer-0] ERROR sl.bigdata.report.TimeTask - 日志表ods层其中有异常（失败）情况
2015-08-03 00:03:03.241 [Timer-0] ERROR sl.bigdata.report.TimeTask - 日志表ods层其中有异常（失败）情况
2015-08-03 00:13:03.236 [Timer-0] ERROR sl.bigdata.report.TimeTask - 日志表ods层其中有异常（失败）情况
2015-08-03 00:23:03.242 [Timer-0] ERROR sl.bigdata.report.TimeTask - 日志表ods层其中有异常（失败）情况
2015-08-03 00:33:03.242 [Timer-0] ERROR sl.bigdata.report.TimeTask - 日志表ods层其中有异常（失败）情况
2015-08-03 00:43:03.244 [Timer-0] ERROR sl.bigdata.report.TimeTask - 日志表ods层其中有异常（失败）情况
2015-08-03 00:53:03.243 [Timer-0] ERROR sl.bigdata.report.TimeTask - 日志表ods层其中有异常（失败）情况
2015-08-03 01:03:03.243 [Timer-0] ERROR sl.bigdata.report.TimeTask - 日志表ods层其中有异常（失败）情况
2015-08-03 01:13:03.250 [Timer-0] ERROR sl.bigdata.report.TimeTask - 日志表ods层其中有异常（失败）情况
2015-08-03 01:23:03.245 [Timer-0] ERROR sl.bigdata.report.TimeTask - 日志表ods层其中有异常（失败）情况
2015-08-03 01:33:03.247 [Timer-0] ERROR sl.bigdata.report.TimeTask - 日志表ods层其中有异常（失败）情况
2015-08-03 01:43:03.247 [Timer-0] ERROR sl.bigdata.report.TimeTask - 日志表ods层其中有异常（失败）情况
2015-08-03 01:53:03.246 [Timer-0] ERROR sl.bigdata.report.TimeTask - 日志表ods层其中有异常（失败）情况
2015-08-03 02:03:03.246 [Timer-0] ERROR sl.bigdata.report.TimeTask - 日志表ods层其中有异常（失败）情况
2015-08-03 02:13:03.246 [Timer-0] ERROR sl.bigdata.report.TimeTask - 日志表ods层其中有异常（失败）情况
2015-08-03 02:23:03.248 [Timer-0] ERROR sl.bigdata.report.TimeTask - 日志表ods层其中有异常（失败）情况
2015-08-03 02:33:03.247 [Timer-0] ERROR sl.bigdata.report.TimeTask - 日志表ods层其中有异常（失败）情况
2015-08-03 02:43:03.249 [Timer-0] ERROR sl.bigdata.report.TimeTask - 日志表ods层其中有异常（失败）情况
2015-08-03 02:53:03.248 [Timer-0] ERROR sl.bigdata.report.TimeTask - 日志表ods层其中有异常（失败）情况
2015-08-03 03:03:03.266 [Timer-0] ERROR sl.bigdata.report.TimeTask - 日志表ods层其中有异常（失败）情况
2015-08-03 03:13:03.250 [Timer-0] ERROR sl.bigdata.report.TimeTask - 日志表ods层其中有异常（失败）情况
2015-08-03 03:23:03.249 [Timer-0] ERROR sl.bigdata.report.TimeTask - 日志表ods层其中有异常（失败）情况
2015-08-03 03:33:03.248 [Timer-0] ERROR sl.bigdata.report.TimeTask - 日志表ods层其中有异常（失败）情况
2015-08-03 03:43:03.250 [Timer-0] ERROR sl.bigdata.report.TimeTask - 日志表ods层其中有异常（失败）情况
2015-08-03 03:53:03.250 [Timer-0] ERROR sl.bigdata.report.TimeTask - 日志表ods层其中有异常（失败）情况
2015-08-03 04:03:03.251 [Timer-0] ERROR sl.bigdata.report.TimeTask - 日志表ods层其中有异常（失败）情况
2015-08-03 04:13:03.251 [Timer-0] ERROR sl.bigdata.report.TimeTask - 日志表ods层其中有异常（失败）情况
2015-08-03 04:23:03.257 [Timer-0] ERROR sl.bigdata.report.TimeTask - 日志表ods层其中有异常（失败）情况
2015-08-03 04:33:03.252 [Timer-0] ERROR sl.bigdata.report.TimeTask - 日志表ods层其中有异常（失败）情况
2015-08-03 04:43:03.252 [Timer-0] ERROR sl.bigdata.report.TimeTask - 日志表ods层其中有异常（失败）情况
2015-08-03 04:53:03.254 [Timer-0] ERROR sl.bigdata.report.TimeTask - 日志表ods层其中有异常（失败）情况
2015-08-03 05:03:03.253 [Timer-0] ERROR sl.bigdata.report.TimeTask - 日志表ods层其中有异常（失败）情况
2015-08-03 05:13:03.254 [Timer-0] ERROR sl.bigdata.report.TimeTask - 日志表ods层其中有异常（失败）情况
2015-08-03 05:23:03.254 [Timer-0] ERROR sl.bigdata.report.TimeTask - 日志表ods层其中有异常（失败）情况
2015-08-03 05:33:03.255 [Timer-0] ERROR sl.bigdata.report.TimeTask - 日志表ods层其中有异常（失败）情况
2015-08-03 05:43:03.257 [Timer-0] ERROR sl.bigdata.report.TimeTask - 日志表ods层其中有异常（失败）情况
2015-08-03 05:53:03.256 [Timer-0] ERROR sl.bigdata.report.TimeTask - 日志表ods层其中有异常（失败）情况
2015-08-03 06:03:03.256 [Timer-0] ERROR sl.bigdata.report.TimeTask - 日志表ods层其中有异常（失败）情况
2015-08-03 06:13:03.254 [Timer-0] ERROR sl.bigdata.report.TimeTask - 日志表ods层其中有异常（失败）情况
2015-08-03 06:23:03.259 [Timer-0] ERROR sl.bigdata.report.TimeTask - 日志表ods层其中有异常（失败）情况
2015-08-03 06:33:03.260 [Timer-0] ERROR sl.bigdata.report.TimeTask - 日志表ods层其中有异常（失败）情况
2015-08-03 06:43:03.259 [Timer-0] ERROR sl.bigdata.report.TimeTask - 日志表ods层其中有异常（失败）情况
2015-08-03 06:53:03.260 [Timer-0] ERROR sl.bigdata.report.TimeTask - 日志表ods层其中有异常（失败）情况
2015-08-03 07:03:03.259 [Timer-0] ERROR sl.bigdata.report.TimeTask - 日志表ods层其中有异常（失败）情况
2015-08-03 07:13:03.260 [Timer-0] ERROR sl.bigdata.report.TimeTask - 日志表ods层其中有异常（失败）情况
2015-08-03 07:23:03.262 [Timer-0] ERROR sl.bigdata.report.TimeTask - 日志表ods层其中有异常（失败）情况
2015-08-03 07:33:03.263 [Timer-0] ERROR sl.bigdata.report.TimeTask - 日志表ods层其中有异常（失败）情况
2015-08-03 07:43:03.263 [Timer-0] ERROR sl.bigdata.report.TimeTask - 日志表ods层其中有异常（失败）情况
2015-08-03 07:53:03.261 [Timer-0] ERROR sl.bigdata.report.TimeTask - 日志表ods层其中有异常（失败）情况
2015-08-03 08:03:03.262 [Timer-0] ERROR sl.bigdata.report.TimeTask - 日志表ods层其中有异常（失败）情况
2015-08-03 08:13:03.264 [Timer-0] ERROR sl.bigdata.report.TimeTask - 日志表ods层其中有异常（失败）情况
2015-08-03 08:23:03.267 [Timer-0] ERROR sl.bigdata.report.TimeTask - 日志表ods层其中有异常（失败）情况
2015-08-03 08:33:03.264 [Timer-0] ERROR sl.bigdata.report.TimeTask - 日志表ods层其中有异常（失败）情况
2015-08-03 08:43:03.267 [Timer-0] ERROR sl.bigdata.report.TimeTask - 日志表ods层其中有异常（失败）情况
2015-08-03 08:53:03.263 [Timer-0] ERROR sl.bigdata.report.TimeTask - 日志表ods层其中有异常（失败）情况
2015-08-03 09:03:38.442 [Timer-0] ERROR sl.bigdata.report.TimeTask - for sl_rpt_app_channel_aim1 error:Table 'strongunion_online_TD.sl_ods_page_visit_record_201508' doesn't exist
2015-08-03 09:03:39.539 [Timer-0] ERROR sl.bigdata.report.TimeTask - for sl_rpt_app_channel_aim2 error:Table 'strongunion_online_TD.sl_ods_page_visit_record_201508' doesn't exist
2015-08-03 09:03:40.535 [Timer-0] ERROR sl.bigdata.report.TimeTask - for sl_rpt_app_page_aim1 error:Table 'strongunion_online_TD.sl_ods_page_visit_record_201508' doesn't exist
2015-08-03 09:03:41.739 [Timer-0] ERROR sl.bigdata.report.TimeTask - for sl_rpt_life_cycle_users error:Table 'strongunion_online_TD.sl_ods_page_visit_record_201508' doesn't exist
2015-08-03 09:03:43.967 [Timer-0] ERROR sl.bigdata.report.TimeTask - for sl_rpt_life_cycle_users_flag error:Table 'strongunion_online_TD.sl_ods_page_visit_record_201508' doesn't exist
2015-08-03 09:03:45.865 [Timer-0] ERROR sl.bigdata.report.TimeTask - for sl_rpt_life_cycle_all_users_flag error:Table 'strongunion_online_TD.sl_ods_page_visit_record_201508' doesn't exist
2015-08-03 09:21:07.568 [Timer-0] ERROR sl.bigdata.report.TimeTask - for sl_rpt_app_channel_aim1 error:Unknown column 't.pagestart_time' in 'field list'
2015-08-03 09:21:07.659 [Timer-0] ERROR sl.bigdata.report.TimeTask - for sl_rpt_app_channel_aim2 error:Unknown column 't.pagestart_time' in 'field list'
2015-08-03 09:21:07.690 [Timer-0] ERROR sl.bigdata.report.TimeTask - for sl_rpt_app_page_aim1 error:Unknown column 't.pagestart_time' in 'field list'
2015-08-03 09:21:07.884 [Timer-0] ERROR sl.bigdata.report.TimeTask - for sl_rpt_life_cycle_users error:The used SELECT statements have a different number of columns
2015-08-03 09:21:18.174 [Timer-0] ERROR sl.bigdata.report.TimeTask - for sl_rpt_life_cycle_users_flag error:The used SELECT statements have a different number of columns
2015-08-03 09:21:19.020 [Timer-0] ERROR sl.bigdata.report.TimeTask - for sl_rpt_life_cycle_all_users_flag error:The used SELECT statements have a different number of columns
2015-08-03 11:23:23.464 [Timer-0] ERROR sl.bigdata.report.TimeTask - rsCount=21
2015-08-03 11:49:02.720 [Timer-0] ERROR sl.bigdata.report.TimeTask - rpt_run_count=1
2015-08-03 11:59:02.716 [Timer-0] ERROR sl.bigdata.report.TimeTask - rpt_run_count=1
2015-08-03 12:09:02.716 [Timer-0] ERROR sl.bigdata.report.TimeTask - rpt_run_count=1
2015-08-03 12:19:02.714 [Timer-0] ERROR sl.bigdata.report.TimeTask - rpt_run_count=1
2015-08-03 12:29:02.713 [Timer-0] ERROR sl.bigdata.report.TimeTask - rpt_run_count=1
2015-08-03 12:39:02.713 [Timer-0] ERROR sl.bigdata.report.TimeTask - rpt_run_count=1
2015-08-03 12:49:02.710 [Timer-0] ERROR sl.bigdata.report.TimeTask - rpt_run_count=1
2015-08-03 12:59:02.718 [Timer-0] ERROR sl.bigdata.report.TimeTask - rpt_run_count=1
2015-08-03 13:09:02.714 [Timer-0] ERROR sl.bigdata.report.TimeTask - rpt_run_count=1
2015-08-03 13:19:02.716 [Timer-0] ERROR sl.bigdata.report.TimeTask - rpt_run_count=1
2015-08-03 13:29:07.720 [Timer-0] ERROR sl.bigdata.report.TimeTask - rpt_run_count=1
2015-08-03 13:39:02.717 [Timer-0] ERROR sl.bigdata.report.TimeTask - rpt_run_count=1
2015-08-03 13:49:02.718 [Timer-0] ERROR sl.bigdata.report.TimeTask - rpt_run_count=1
2015-08-03 13:59:02.716 [Timer-0] ERROR sl.bigdata.report.TimeTask - rpt_run_count=1
2015-08-03 14:09:02.718 [Timer-0] ERROR sl.bigdata.report.TimeTask - rpt_run_count=1
2015-08-03 14:19:02.722 [Timer-0] ERROR sl.bigdata.report.TimeTask - rpt_run_count=1
2015-08-03 14:29:02.717 [Timer-0] ERROR sl.bigdata.report.TimeTask - rpt_run_count=1
2015-08-03 14:39:05.830 [Timer-0] ERROR sl.bigdata.report.TimeTask - rpt_run_count=1
2015-08-03 14:49:02.721 [Timer-0] ERROR sl.bigdata.report.TimeTask - rpt_run_count=1
2015-08-04 10:01:54.162 [Timer-0] ERROR sl.bigdata.report.TimeTask - 日志表ods层其中有异常（失败）情况,rscount=20
2015-08-04 10:10:19.122 [Timer-0] ERROR sl.bigdata.report.TimeTask - 日志表ods层其中有异常（失败）情况,rscount=20
2015-08-04 10:20:23.662 [Timer-0] ERROR sl.bigdata.report.TimeTask - rptcount=1---rscount=21
2015-08-04 11:10:27.861 [Timer-0] ERROR sl.bigdata.report.TimeTask - 日志表ods层其中有异常（失败）情况,rscount=20
2015-08-10 09:42:51.289 [main] ERROR sl.bigdata.report.TimeTask - for sl_rpt_life_cycle_users error:Unknown column 't4.uid' in 'field list'
